[2024-07-19T14:40:57.381Z] INFO: GET on url /getMovie?name=%22Avenger%22 with query {"name":"\"Avenger\""}
[2024-07-19T14:40:58.696Z] INFO: GET on url /getMovie?name=%22Avenger%22 with query {"name":"\"Avenger\""}
[2024-07-19T14:40:59.444Z] INFO: GET on url /getMovie?name=%22Avenger%22 with query {"name":"\"Avenger\""}
[2024-07-19T14:41:00.088Z] INFO: GET on url /getMovie?name=%22Avenger%22 with query {"name":"\"Avenger\""}
[2024-07-19T14:41:00.786Z] INFO: GET on url /getMovie?name=%22Avenger%22 with query {"name":"\"Avenger\""}
[2024-07-19T14:41:01.527Z] INFO: GET on url /getMovie?name=%22Avenger%22 with query {"name":"\"Avenger\""}
[2024-07-19T14:42:44.594Z] INFO: GET on url /getMovie?name=%22Avenger%22 with query {"name":"\"Avenger\""}
[2024-07-19T14:43:37.262Z] INFO: GET on url /getMovie?name=%22Avenger%22 with query {"name":"\"Avenger\""}
[2024-07-19T14:44:04.540Z] INFO: GET on url /getMovie?name=%22Avenger%22 with query {"name":"\"Avenger\""}
[2024-07-19T14:44:04.565Z] ERROR: /getMovie get request error Movie not found
[2024-07-19T14:54:16.806Z] INFO: GET on url /getMovie?name=%22Avengers%22 with query {"name":"\"Avengers\""}
[2024-07-19T15:02:38.478Z] INFO: GET on url /getMovie?=%22Avenger%22 with query {}
[2024-07-19T15:03:59.200Z] INFO: GET on url /getMovie?name=%22Avenger%22 with query {"name":"\"Avenger\""}
[2024-07-19T15:04:48.444Z] INFO: GET on url /getMovie?name=%22Avenger%22 with query {"name":"\"Avenger\""}
[2024-07-19T15:06:17.550Z] INFO: GET on url /getMovie?name=%22Avenger%22 with query {"name":"\"Avenger\""}
[2024-07-19T15:06:58.876Z] INFO: GET on url /getMovie?name=%22Avenger%22 with query {"name":"\"Avenger\""}
[2024-07-19T15:07:02.470Z] INFO: GET on url /getMovie?name=%22Avenger%22 with query {"name":"\"Avenger\""}
[2024-07-19T15:09:48.545Z] INFO: GET on url /getMovie?name=%22Avenger%22 with query {"name":"\"Avenger\""}
[2024-07-19T15:09:48.557Z] ERROR: /getMovie get request error Movie not found
[2024-07-19T15:13:33.154Z] INFO: POST on url /addMovie with body {"name":"Some Movie","img":"https://www.pexels.com/photo/green-and-blue-peacock-feather-674010/","summary":"Some kind of summary here"}
[2024-07-19T15:13:33.187Z] INFO: POST on url /addMovie with body {"img":"https://www.pexels.com/photo/green-and-blue-peacock-feather-674010/","summary":"Some kind of summary here"}
[2024-07-19T15:13:33.189Z] INFO: POST on url /addMovie with body {"name":"Some Movie","img":"invalid-url","summary":"Some kind of summary here"}
[2024-07-19T15:13:33.192Z] INFO: GET on url /getMovie?name=Some%20Movie with query {"name":"Some Movie"}
[2024-07-19T15:13:33.195Z] INFO: GET on url /getMovie?name=Other%20Movie with query {"name":"Other Movie"}
[2024-07-19T15:13:33.198Z] INFO: PATCH on url /updateMovie with body {"name":"Some Updated Movie","img":"https://www.pexels.com/photo/green-and-blue-peacock-feather-674010","summary":"Some kind of updated summary here"}
[2024-07-19T15:13:33.201Z] INFO: PATCH on url /updateMovie with body {"newName":"Some Movie","img":"https://www.pexels.com/photo/green-and-blue-peacock-feather-674010","summary":"Some kind of updated summary here"}
[2024-07-19T15:13:33.202Z] INFO: PATCH on url /updateMovie with body {"name":"Inception","img":"invalid-url","summary":"Some kind of updated summary here"}
[2024-07-19T15:13:33.204Z] INFO: PATCH on url /updateMovie with body {"name":"Other Movie","newName":"New Name","img":"https://www.pexels.com/photo/green-and-blue-peacock-feather-674010","summary":"Some kind of updated summary here"}
[2024-07-19T15:13:33.206Z] INFO: DELETE on url /deleteMovie with body {"name":"Some Movie"}
[2024-07-19T15:13:33.208Z] INFO: DELETE on url /deleteMovie with body {}
[2024-07-19T15:13:33.210Z] INFO: DELETE on url /deleteMovie with body {"name":"Other Movie"}
[2024-07-19T15:13:53.631Z] INFO: POST on url /addMovie with body {"name":"Some Movie","img":"https://www.pexels.com/photo/green-and-blue-peacock-feather-674010/","summary":"Some kind of summary here"}
[2024-07-19T15:13:53.638Z] INFO: POST on url /addMovie with body {"img":"https://www.pexels.com/photo/green-and-blue-peacock-feather-674010/","summary":"Some kind of summary here"}
[2024-07-19T15:13:53.640Z] INFO: POST on url /addMovie with body {"name":"Some Movie","img":"invalid-url","summary":"Some kind of summary here"}
[2024-07-19T15:13:53.643Z] INFO: GET on url /getMovie?name=Some%20Movie with query {"name":"Some Movie"}
[2024-07-19T15:13:53.645Z] INFO: GET on url /getMovie?name=Other%20Movie with query {"name":"Other Movie"}
[2024-07-19T15:13:53.648Z] INFO: PATCH on url /updateMovie with body {"name":"Some Updated Movie","img":"https://www.pexels.com/photo/green-and-blue-peacock-feather-674010","summary":"Some kind of updated summary here"}
[2024-07-19T15:13:53.651Z] INFO: PATCH on url /updateMovie with body {"newName":"Some Movie","img":"https://www.pexels.com/photo/green-and-blue-peacock-feather-674010","summary":"Some kind of updated summary here"}
[2024-07-19T15:13:53.652Z] INFO: PATCH on url /updateMovie with body {"name":"Inception","img":"invalid-url","summary":"Some kind of updated summary here"}
[2024-07-19T15:13:53.654Z] INFO: PATCH on url /updateMovie with body {"name":"Other Movie","newName":"New Name","img":"https://www.pexels.com/photo/green-and-blue-peacock-feather-674010","summary":"Some kind of updated summary here"}
[2024-07-19T15:13:53.656Z] INFO: DELETE on url /deleteMovie with body {"name":"Some Movie"}
[2024-07-19T15:13:53.659Z] INFO: DELETE on url /deleteMovie with body {}
[2024-07-19T15:13:53.661Z] INFO: DELETE on url /deleteMovie with body {"name":"Other Movie"}
[2024-07-19T15:21:55.340Z] INFO: GET on url /getMovie?name=%22avenger%22 with query {"name":"\"avenger\""}
[2024-07-19T15:23:07.482Z] INFO: GET on url /getMovie?name=%22avenger%22 with query {"name":"\"avenger\""}
[2024-07-19T15:23:53.165Z] INFO: GET on url /getMovie?name=%22avenger%22 with query {"name":"\"avenger\""}
[2024-07-19T15:24:24.775Z] INFO: GET on url /getMovie?name=%22Avengers%22 with query {"name":"\"Avengers\""}
[2024-07-19T15:25:56.111Z] INFO: GET on url /getMovie?name=%22Avengers%22 with query {"name":"\"Avengers\""}
[2024-07-19T15:26:19.942Z] INFO: GET on url /getMovie?name=%22Avengers:%20Endgame%22 with query {"name":"\"Avengers: Endgame\""}
[2024-07-19T15:26:21.708Z] INFO: GET on url /getMovie?name=%22Avengers:%20Endgame%22 with query {"name":"\"Avengers: Endgame\""}
[2024-07-19T15:26:41.515Z] INFO: GET on url /getMovie?name=%22Avengers:%20Endgame%22 with query {"name":"\"Avengers: Endgame\""}
[2024-07-19T15:26:48.520Z] INFO: GET on url /getMovie?name=%22Avengers:Endgame%22 with query {"name":"\"Avengers:Endgame\""}
[2024-07-19T15:26:54.689Z] INFO: GET on url /getMovie?name=Avengers:Endgame with query {"name":"Avengers:Endgame"}
[2024-07-19T15:27:04.820Z] INFO: GET on url /getMovie?name=Avengers:%20Endgame with query {"name":"Avengers: Endgame"}
[2024-07-19T15:27:19.050Z] INFO: GET on url /getMovie?name=Avengers:%20Endgame with query {"name":"Avengers: Endgame"}
[2024-07-19T15:27:20.598Z] INFO: GET on url /getMovie?name=Avengers:%20Endgame with query {"name":"Avengers: Endgame"}
[2024-07-19T15:27:34.424Z] INFO: GET on url /getMovie?name=Avengers:%20Endgame with query {"name":"Avengers: Endgame"}
[2024-07-19T15:28:17.828Z] INFO: GET on url /getMovie?name=Avengers:%20Endgame with query {"name":"Avengers: Endgame"}
[2024-07-19T15:28:24.129Z] INFO: GET on url /getMovie?name=Avengers with query {"name":"Avengers"}
[2024-07-19T15:28:28.256Z] INFO: GET on url /getMovie?name=Ave with query {"name":"Ave"}
[2024-07-19T15:28:32.982Z] INFO: GET on url /getMovie?name=a with query {"name":"a"}
[2024-07-19T15:28:41.774Z] INFO: GET on url /getMovie?name=a with query {"name":"a"}
